<?xml version="1.0" encoding="UTF-8"?>
<!-- Generated by org.testng.reporters.JUnitXMLReporter -->
<testsuite hostname="mtonet1" ignored="0" tests="5" failures="0" timestamp="23 Feb 2018 10:05:55 GMT" time="4.108" errors="0">
  <testcase name="@BeforeTest testInitialize" time="3.92" classname="BaseTest">
    <failure type="org.openqa.selenium.NoSuchSessionException" message="Unexpected error launching Internet Explorer. Protected Mode settings are not the same for all zones. Enable Protected Mode must be set to the same value (enabled or disabled) for all zones. (WARNING: The server did not provide any stacktrace information)
Command duration or timeout: 203 milliseconds
Build info: version: &amp;apos;3.8.1&amp;apos;, revision: &amp;apos;6e95a6684b&amp;apos;, time: &amp;apos;2017-12-01T19:05:14.666Z&amp;apos;
System info: host: &amp;apos;MTONET1&amp;apos;, ip: &amp;apos;192.168.6.119&amp;apos;, os.name: &amp;apos;Windows 8.1&amp;apos;, os.arch: &amp;apos;x86&amp;apos;, os.version: &amp;apos;6.3&amp;apos;, java.version: &amp;apos;1.8.0_151&amp;apos;
Driver info: driver.version: InternetExplorerDriver">
      <![CDATA[org.openqa.selenium.NoSuchSessionException: Unexpected error launching Internet Explorer. Protected Mode settings are not the same for all zones. Enable Protected Mode must be set to the same value (enabled or disabled) for all zones. (WARNING: The server did not provide any stacktrace information)Command duration or timeout: 203 millisecondsBuild info: version: '3.8.1', revision: '6e95a6684b', time: '2017-12-01T19:05:14.666Z'System info: host: 'MTONET1', ip: '192.168.6.119', os.name: 'Windows 8.1', os.arch: 'x86', os.version: '6.3', java.version: '1.8.0_151'Driver info: driver.version: InternetExplorerDriverat org.openqa.selenium.remote.ErrorHandler.createThrowable(ErrorHandler.java:214)at org.openqa.selenium.remote.ErrorHandler.throwIfResponseFailed(ErrorHandler.java:166)at org.openqa.selenium.remote.JsonWireProtocolResponse.lambda$new$0(JsonWireProtocolResponse.java:53)at org.openqa.selenium.remote.JsonWireProtocolResponse.lambda$getResponseFunction$2(JsonWireProtocolResponse.java:91)at org.openqa.selenium.remote.ProtocolHandshake.lambda$createSession$0(ProtocolHandshake.java:123)at java.util.stream.ReferencePipeline$3$1.accept(Unknown Source)at java.util.Spliterators$ArraySpliterator.tryAdvance(Unknown Source)at java.util.stream.ReferencePipeline.forEachWithCancel(Unknown Source)at java.util.stream.AbstractPipeline.copyIntoWithCancel(Unknown Source)at java.util.stream.AbstractPipeline.copyInto(Unknown Source)at java.util.stream.AbstractPipeline.wrapAndCopyInto(Unknown Source)at java.util.stream.FindOps$FindOp.evaluateSequential(Unknown Source)at java.util.stream.AbstractPipeline.evaluate(Unknown Source)at java.util.stream.ReferencePipeline.findFirst(Unknown Source)at org.openqa.selenium.remote.ProtocolHandshake.createSession(ProtocolHandshake.java:126)at org.openqa.selenium.remote.ProtocolHandshake.createSession(ProtocolHandshake.java:73)at org.openqa.selenium.remote.HttpCommandExecutor.execute(HttpCommandExecutor.java:142)at org.openqa.selenium.remote.service.DriverCommandExecutor.execute(DriverCommandExecutor.java:83)at org.openqa.selenium.remote.RemoteWebDriver.execute(RemoteWebDriver.java:601)at org.openqa.selenium.remote.RemoteWebDriver.startSession(RemoteWebDriver.java:219)at org.openqa.selenium.ie.InternetExplorerDriver.run(InternetExplorerDriver.java:223)at org.openqa.selenium.ie.InternetExplorerDriver.<init>(InternetExplorerDriver.java:215)at org.openqa.selenium.ie.InternetExplorerDriver.<init>(InternetExplorerDriver.java:152)at Initialization.Browser.initialize(Browser.java:34)at BaseTest.testInitialize(BaseTest.java:18)... Removed 28 stack frames]]>
    </failure>
  </testcase> <!-- @BeforeTest testInitialize -->
  <testcase name="@AfterTest browserClose" time="0.0" classname="RegionsTests">
    <skipped/>
  </testcase> <!-- @AfterTest browserClose -->
  <testcase name="addNewRegion" time="0.0" classname="RegionsTests">
    <skipped/>
  </testcase> <!-- addNewRegion -->
  <testcase name="cancelEditing" time="0.0" classname="RegionsTests">
    <skipped/>
  </testcase> <!-- cancelEditing -->
  <testcase name="editRegion" time="0.0" classname="RegionsTests">
    <skipped/>
  </testcase> <!-- editRegion -->
  <testcase name="invalidDescriptionAdd" time="0.0" classname="RegionsTests">
    <skipped/>
  </testcase> <!-- invalidDescriptionAdd -->
  <testcase name="regionAlreadyExists" time="0.0" classname="RegionsTests">
    <skipped/>
  </testcase> <!-- regionAlreadyExists -->
</testsuite>
