<?xml version="1.0" encoding="UTF-8"?>
<!-- Generated by org.testng.reporters.JUnitXMLReporter -->
<testsuite hostname="mtonet1" ignored="0" tests="5" failures="4" timestamp="15 May 2018 06:26:03 GMT" time="174.531" errors="0">
  <testcase name="addNewRegion" time="104.233" classname="RegionsTests"/>
  <testcase name="cancelEditing" time="6.054" classname="RegionsTests">
    <failure type="org.openqa.selenium.StaleElementReferenceException" message="The element reference of &amp;lt;option&amp;gt; is stale; either the element is no longer attached to the DOM, it is not in the current frame context, or the document has been refreshed
For documentation on this error, please visit: http://seleniumhq.org/exceptions/stale_element_reference.html
Build info: version: &amp;apos;3.8.1&amp;apos;, revision: &amp;apos;6e95a6684b&amp;apos;, time: &amp;apos;2017-12-01T19:05:14.666Z&amp;apos;
System info: host: &amp;apos;MTONET1&amp;apos;, ip: &amp;apos;192.168.6.111&amp;apos;, os.name: &amp;apos;Windows 8.1&amp;apos;, os.arch: &amp;apos;x86&amp;apos;, os.version: &amp;apos;6.3&amp;apos;, java.version: &amp;apos;1.8.0_151&amp;apos;
Driver info: org.openqa.selenium.firefox.FirefoxDriver
Capabilities {acceptInsecureCerts: true, browserName: firefox, browserVersion: 58.0, javascriptEnabled: true, moz:accessibilityChecks: false, moz:headless: false, moz:processID: 15752, moz:profile: C:\Users\rresmi\AppData\Loc..., moz:webdriverClick: true, pageLoadStrategy: normal, platform: XP, platformName: XP, platformVersion: 6.3, rotatable: false, timeouts: {implicit: 0, pageLoad: 300000, script: 30000}}
Session ID: 1c6d4e32-8ce2-4723-bef6-88f00d39cac0">
      <![CDATA[org.openqa.selenium.StaleElementReferenceException: The element reference of <option> is stale; either the element is no longer attached to the DOM, it is not in the current frame context, or the document has been refreshedFor documentation on this error, please visit: http://seleniumhq.org/exceptions/stale_element_reference.htmlBuild info: version: '3.8.1', revision: '6e95a6684b', time: '2017-12-01T19:05:14.666Z'System info: host: 'MTONET1', ip: '192.168.6.111', os.name: 'Windows 8.1', os.arch: 'x86', os.version: '6.3', java.version: '1.8.0_151'Driver info: org.openqa.selenium.firefox.FirefoxDriverCapabilities {acceptInsecureCerts: true, browserName: firefox, browserVersion: 58.0, javascriptEnabled: true, moz:accessibilityChecks: false, moz:headless: false, moz:processID: 15752, moz:profile: C:\Users\rresmi\AppData\Loc..., moz:webdriverClick: true, pageLoadStrategy: normal, platform: XP, platformName: XP, platformVersion: 6.3, rotatable: false, timeouts: {implicit: 0, pageLoad: 300000, script: 30000}}Session ID: 1c6d4e32-8ce2-4723-bef6-88f00d39cac0at org.openqa.selenium.remote.http.W3CHttpResponseCodec.createException(W3CHttpResponseCodec.java:187)at org.openqa.selenium.remote.http.W3CHttpResponseCodec.decode(W3CHttpResponseCodec.java:122)at org.openqa.selenium.remote.http.W3CHttpResponseCodec.decode(W3CHttpResponseCodec.java:49)at org.openqa.selenium.remote.HttpCommandExecutor.execute(HttpCommandExecutor.java:164)at org.openqa.selenium.remote.service.DriverCommandExecutor.execute(DriverCommandExecutor.java:83)at org.openqa.selenium.remote.RemoteWebDriver.execute(RemoteWebDriver.java:601)at org.openqa.selenium.remote.RemoteWebElement.execute(RemoteWebElement.java:279)at org.openqa.selenium.remote.RemoteWebElement.getText(RemoteWebElement.java:160)at Pages.RegionsPage.isEdited(RegionsPage.java:104)at RegionsTests.cancelEditing(RegionsTests.java:53)... Removed 29 stack frames]]>
    </failure>
  </testcase> <!-- cancelEditing -->
  <testcase name="editRegion" time="0.047" classname="RegionsTests">
    <failure type="org.openqa.selenium.ElementClickInterceptedException" message="Element &amp;lt;a class=&amp;quot;dropdown-toggle ng-binding&amp;quot; href=&amp;quot;#&amp;quot;&amp;gt; is not clickable at point (287.4500045776367,21.14167022705078) because another element &amp;lt;div id=&amp;quot;Regions&amp;quot; class=&amp;quot;modal fade regions ng-scope in&amp;quot;&amp;gt; obscures it
Build info: version: &amp;apos;3.8.1&amp;apos;, revision: &amp;apos;6e95a6684b&amp;apos;, time: &amp;apos;2017-12-01T19:05:14.666Z&amp;apos;
System info: host: &amp;apos;MTONET1&amp;apos;, ip: &amp;apos;192.168.6.111&amp;apos;, os.name: &amp;apos;Windows 8.1&amp;apos;, os.arch: &amp;apos;x86&amp;apos;, os.version: &amp;apos;6.3&amp;apos;, java.version: &amp;apos;1.8.0_151&amp;apos;
Driver info: org.openqa.selenium.firefox.FirefoxDriver
Capabilities {acceptInsecureCerts: true, browserName: firefox, browserVersion: 58.0, javascriptEnabled: true, moz:accessibilityChecks: false, moz:headless: false, moz:processID: 15752, moz:profile: C:\Users\rresmi\AppData\Loc..., moz:webdriverClick: true, pageLoadStrategy: normal, platform: XP, platformName: XP, platformVersion: 6.3, rotatable: false, timeouts: {implicit: 0, pageLoad: 300000, script: 30000}}
Session ID: 1c6d4e32-8ce2-4723-bef6-88f00d39cac0">
      <![CDATA[org.openqa.selenium.ElementClickInterceptedException: Element <a class="dropdown-toggle ng-binding" href="#"> is not clickable at point (287.4500045776367,21.14167022705078) because another element <div id="Regions" class="modal fade regions ng-scope in"> obscures itBuild info: version: '3.8.1', revision: '6e95a6684b', time: '2017-12-01T19:05:14.666Z'System info: host: 'MTONET1', ip: '192.168.6.111', os.name: 'Windows 8.1', os.arch: 'x86', os.version: '6.3', java.version: '1.8.0_151'Driver info: org.openqa.selenium.firefox.FirefoxDriverCapabilities {acceptInsecureCerts: true, browserName: firefox, browserVersion: 58.0, javascriptEnabled: true, moz:accessibilityChecks: false, moz:headless: false, moz:processID: 15752, moz:profile: C:\Users\rresmi\AppData\Loc..., moz:webdriverClick: true, pageLoadStrategy: normal, platform: XP, platformName: XP, platformVersion: 6.3, rotatable: false, timeouts: {implicit: 0, pageLoad: 300000, script: 30000}}Session ID: 1c6d4e32-8ce2-4723-bef6-88f00d39cac0at org.openqa.selenium.remote.http.W3CHttpResponseCodec.createException(W3CHttpResponseCodec.java:187)at org.openqa.selenium.remote.http.W3CHttpResponseCodec.decode(W3CHttpResponseCodec.java:122)at org.openqa.selenium.remote.http.W3CHttpResponseCodec.decode(W3CHttpResponseCodec.java:49)at org.openqa.selenium.remote.HttpCommandExecutor.execute(HttpCommandExecutor.java:164)at org.openqa.selenium.remote.service.DriverCommandExecutor.execute(DriverCommandExecutor.java:83)at org.openqa.selenium.remote.RemoteWebDriver.execute(RemoteWebDriver.java:601)at org.openqa.selenium.remote.RemoteWebElement.execute(RemoteWebElement.java:279)at org.openqa.selenium.remote.RemoteWebElement.click(RemoteWebElement.java:83)at Pages.RegionsPage.goTo(RegionsPage.java:71)at RegionsTests.editRegion(RegionsTests.java:34)... Removed 29 stack frames]]>
    </failure>
  </testcase> <!-- editRegion -->
  <testcase name="invalidDescriptionAdd" time="0.046" classname="RegionsTests">
    <failure type="org.openqa.selenium.ElementClickInterceptedException" message="Element &amp;lt;a class=&amp;quot;dropdown-toggle ng-binding&amp;quot; href=&amp;quot;#&amp;quot;&amp;gt; is not clickable at point (287.4500045776367,21.14167022705078) because another element &amp;lt;div id=&amp;quot;Regions&amp;quot; class=&amp;quot;modal fade regions ng-scope in&amp;quot;&amp;gt; obscures it
Build info: version: &amp;apos;3.8.1&amp;apos;, revision: &amp;apos;6e95a6684b&amp;apos;, time: &amp;apos;2017-12-01T19:05:14.666Z&amp;apos;
System info: host: &amp;apos;MTONET1&amp;apos;, ip: &amp;apos;192.168.6.111&amp;apos;, os.name: &amp;apos;Windows 8.1&amp;apos;, os.arch: &amp;apos;x86&amp;apos;, os.version: &amp;apos;6.3&amp;apos;, java.version: &amp;apos;1.8.0_151&amp;apos;
Driver info: org.openqa.selenium.firefox.FirefoxDriver
Capabilities {acceptInsecureCerts: true, browserName: firefox, browserVersion: 58.0, javascriptEnabled: true, moz:accessibilityChecks: false, moz:headless: false, moz:processID: 15752, moz:profile: C:\Users\rresmi\AppData\Loc..., moz:webdriverClick: true, pageLoadStrategy: normal, platform: XP, platformName: XP, platformVersion: 6.3, rotatable: false, timeouts: {implicit: 0, pageLoad: 300000, script: 30000}}
Session ID: 1c6d4e32-8ce2-4723-bef6-88f00d39cac0">
      <![CDATA[org.openqa.selenium.ElementClickInterceptedException: Element <a class="dropdown-toggle ng-binding" href="#"> is not clickable at point (287.4500045776367,21.14167022705078) because another element <div id="Regions" class="modal fade regions ng-scope in"> obscures itBuild info: version: '3.8.1', revision: '6e95a6684b', time: '2017-12-01T19:05:14.666Z'System info: host: 'MTONET1', ip: '192.168.6.111', os.name: 'Windows 8.1', os.arch: 'x86', os.version: '6.3', java.version: '1.8.0_151'Driver info: org.openqa.selenium.firefox.FirefoxDriverCapabilities {acceptInsecureCerts: true, browserName: firefox, browserVersion: 58.0, javascriptEnabled: true, moz:accessibilityChecks: false, moz:headless: false, moz:processID: 15752, moz:profile: C:\Users\rresmi\AppData\Loc..., moz:webdriverClick: true, pageLoadStrategy: normal, platform: XP, platformName: XP, platformVersion: 6.3, rotatable: false, timeouts: {implicit: 0, pageLoad: 300000, script: 30000}}Session ID: 1c6d4e32-8ce2-4723-bef6-88f00d39cac0at org.openqa.selenium.remote.http.W3CHttpResponseCodec.createException(W3CHttpResponseCodec.java:187)at org.openqa.selenium.remote.http.W3CHttpResponseCodec.decode(W3CHttpResponseCodec.java:122)at org.openqa.selenium.remote.http.W3CHttpResponseCodec.decode(W3CHttpResponseCodec.java:49)at org.openqa.selenium.remote.HttpCommandExecutor.execute(HttpCommandExecutor.java:164)at org.openqa.selenium.remote.service.DriverCommandExecutor.execute(DriverCommandExecutor.java:83)at org.openqa.selenium.remote.RemoteWebDriver.execute(RemoteWebDriver.java:601)at org.openqa.selenium.remote.RemoteWebElement.execute(RemoteWebElement.java:279)at org.openqa.selenium.remote.RemoteWebElement.click(RemoteWebElement.java:83)at Pages.RegionsPage.goTo(RegionsPage.java:71)at RegionsTests.invalidDescriptionAdd(RegionsTests.java:75)... Removed 29 stack frames]]>
    </failure>
  </testcase> <!-- invalidDescriptionAdd -->
  <testcase name="regionAlreadyExists" time="0.032" classname="RegionsTests">
    <failure type="org.openqa.selenium.ElementClickInterceptedException" message="Element &amp;lt;a class=&amp;quot;dropdown-toggle ng-binding&amp;quot; href=&amp;quot;#&amp;quot;&amp;gt; is not clickable at point (287.4500045776367,21.14167022705078) because another element &amp;lt;div id=&amp;quot;Regions&amp;quot; class=&amp;quot;modal fade regions ng-scope in&amp;quot;&amp;gt; obscures it
Build info: version: &amp;apos;3.8.1&amp;apos;, revision: &amp;apos;6e95a6684b&amp;apos;, time: &amp;apos;2017-12-01T19:05:14.666Z&amp;apos;
System info: host: &amp;apos;MTONET1&amp;apos;, ip: &amp;apos;192.168.6.111&amp;apos;, os.name: &amp;apos;Windows 8.1&amp;apos;, os.arch: &amp;apos;x86&amp;apos;, os.version: &amp;apos;6.3&amp;apos;, java.version: &amp;apos;1.8.0_151&amp;apos;
Driver info: org.openqa.selenium.firefox.FirefoxDriver
Capabilities {acceptInsecureCerts: true, browserName: firefox, browserVersion: 58.0, javascriptEnabled: true, moz:accessibilityChecks: false, moz:headless: false, moz:processID: 15752, moz:profile: C:\Users\rresmi\AppData\Loc..., moz:webdriverClick: true, pageLoadStrategy: normal, platform: XP, platformName: XP, platformVersion: 6.3, rotatable: false, timeouts: {implicit: 0, pageLoad: 300000, script: 30000}}
Session ID: 1c6d4e32-8ce2-4723-bef6-88f00d39cac0">
      <![CDATA[org.openqa.selenium.ElementClickInterceptedException: Element <a class="dropdown-toggle ng-binding" href="#"> is not clickable at point (287.4500045776367,21.14167022705078) because another element <div id="Regions" class="modal fade regions ng-scope in"> obscures itBuild info: version: '3.8.1', revision: '6e95a6684b', time: '2017-12-01T19:05:14.666Z'System info: host: 'MTONET1', ip: '192.168.6.111', os.name: 'Windows 8.1', os.arch: 'x86', os.version: '6.3', java.version: '1.8.0_151'Driver info: org.openqa.selenium.firefox.FirefoxDriverCapabilities {acceptInsecureCerts: true, browserName: firefox, browserVersion: 58.0, javascriptEnabled: true, moz:accessibilityChecks: false, moz:headless: false, moz:processID: 15752, moz:profile: C:\Users\rresmi\AppData\Loc..., moz:webdriverClick: true, pageLoadStrategy: normal, platform: XP, platformName: XP, platformVersion: 6.3, rotatable: false, timeouts: {implicit: 0, pageLoad: 300000, script: 30000}}Session ID: 1c6d4e32-8ce2-4723-bef6-88f00d39cac0at org.openqa.selenium.remote.http.W3CHttpResponseCodec.createException(W3CHttpResponseCodec.java:187)at org.openqa.selenium.remote.http.W3CHttpResponseCodec.decode(W3CHttpResponseCodec.java:122)at org.openqa.selenium.remote.http.W3CHttpResponseCodec.decode(W3CHttpResponseCodec.java:49)at org.openqa.selenium.remote.HttpCommandExecutor.execute(HttpCommandExecutor.java:164)at org.openqa.selenium.remote.service.DriverCommandExecutor.execute(DriverCommandExecutor.java:83)at org.openqa.selenium.remote.RemoteWebDriver.execute(RemoteWebDriver.java:601)at org.openqa.selenium.remote.RemoteWebElement.execute(RemoteWebElement.java:279)at org.openqa.selenium.remote.RemoteWebElement.click(RemoteWebElement.java:83)at Pages.RegionsPage.goTo(RegionsPage.java:71)at RegionsTests.regionAlreadyExists(RegionsTests.java:62)... Removed 29 stack frames]]>
    </failure>
  </testcase> <!-- regionAlreadyExists -->
</testsuite>
