<?xml version="1.0" encoding="UTF-8"?>
<testng-results skipped="0" failed="0" ignored="0" total="1" passed="1">
  <reporter-output>
  </reporter-output>
  <suite name="Default suite" duration-ms="63291" started-at="2018-09-04T09:26:59Z" finished-at="2018-09-04T09:28:03Z">
    <groups>
    </groups>
    <test name="Default test" duration-ms="63291" started-at="2018-09-04T09:26:59Z" finished-at="2018-09-04T09:28:03Z">
      <class name="Maintenance.PLUTests">
        <test-method status="PASS" signature="testInitialize(java.lang.String)[pri:0, instance:Maintenance.PLUTests@d56d67]" name="testInitialize" is-config="true" duration-ms="41220" started-at="2018-09-04T14:56:59Z" finished-at="2018-09-04T14:57:41Z">
          <params>
            <param index="0">
              <value>
                <![CDATA[Firefox]]>
              </value>
            </param>
          </params>
          <reporter-output>
          </reporter-output>
        </test-method> <!-- testInitialize -->
        <test-method status="PASS" signature="verifyPerTicketValues()[pri:0, instance:Maintenance.PLUTests@d56d67]" name="verifyPerTicketValues" duration-ms="21517" started-at="2018-09-04T14:57:41Z" finished-at="2018-09-04T14:58:02Z">
          <reporter-output>
          </reporter-output>
        </test-method> <!-- verifyPerTicketValues -->
        <test-method status="PASS" signature="browserClose()[pri:0, instance:Maintenance.PLUTests@d56d67]" name="browserClose" is-config="true" duration-ms="530" started-at="2018-09-04T14:58:02Z" finished-at="2018-09-04T14:58:03Z">
          <reporter-output>
          </reporter-output>
        </test-method> <!-- browserClose -->
      </class> <!-- Maintenance.PLUTests -->
    </test> <!-- Default test -->
  </suite> <!-- Default suite -->
</testng-results>
