<?xml version="1.0" encoding="UTF-8"?>
<testng-results skipped="0" failed="1" ignored="0" total="8" passed="7">
  <reporter-output>
  </reporter-output>
  <suite name="Default suite" duration-ms="78641" started-at="2018-10-03T12:02:40Z" finished-at="2018-10-03T12:03:59Z">
    <groups>
    </groups>
    <test name="Default test" duration-ms="78641" started-at="2018-10-03T12:02:40Z" finished-at="2018-10-03T12:03:59Z">
      <class name="Maintenance.BagTypeTests">
        <test-method status="PASS" signature="testInitialize(java.lang.String)[pri:0, instance:Maintenance.BagTypeTests@653222]" name="testInitialize" is-config="true" duration-ms="44416" started-at="2018-10-03T12:02:40Z" finished-at="2018-10-03T12:03:24Z">
          <params>
            <param index="0">
              <value>
                <![CDATA[Firefox]]>
              </value>
            </param>
          </params>
          <reporter-output>
          </reporter-output>
        </test-method> <!-- testInitialize -->
        <test-method status="PASS" signature="AddBagTypeDetails()[pri:0, instance:Maintenance.BagTypeTests@653222]" name="AddBagTypeDetails" duration-ms="9940" started-at="2018-10-03T12:03:24Z" finished-at="2018-10-03T12:03:34Z">
          <reporter-output>
          </reporter-output>
        </test-method> <!-- AddBagTypeDetails -->
        <test-method status="PASS" signature="VerifyBagValue()[pri:1, instance:Maintenance.BagTypeTests@653222]" name="VerifyBagValue" duration-ms="910" started-at="2018-10-03T12:03:34Z" finished-at="2018-10-03T12:03:35Z">
          <reporter-output>
          </reporter-output>
        </test-method> <!-- VerifyBagValue -->
        <test-method status="FAIL" signature="CreateBagId()[pri:2, instance:Maintenance.BagTypeTests@653222]" name="CreateBagId" duration-ms="16150" started-at="2018-10-03T12:03:35Z" finished-at="2018-10-03T12:03:51Z">
          <exception class="org.openqa.selenium.TimeoutException">
            <message>
              <![CDATA[Expected condition failed: waiting for element to be clickable: By.xpath: //button[.='Add'] (tried for 10 second(s) with 500 MILLISECONDS interval)
Build info: version: '3.8.1', revision: '6e95a6684b', time: '2017-12-01T19:05:14.666Z'
System info: host: 'MTONET1', ip: '192.168.6.102', os.name: 'Windows 10', os.arch: 'x86', os.version: '10.0', java.version: '1.8.0_151'
Driver info: org.openqa.selenium.firefox.FirefoxDriver
Capabilities {acceptInsecureCerts: true, browserName: firefox, browserVersion: 62.0.2, javascriptEnabled: true, moz:accessibilityChecks: false, moz:headless: false, moz:processID: 22044, moz:profile: C:\Users\rresmi\AppData\Loc..., moz:useNonSpecCompliantPointerOrigin: false, moz:webdriverClick: true, pageLoadStrategy: normal, platform: XP, platformName: XP, platformVersion: 10.0, rotatable: false, timeouts: {implicit: 0, pageLoad: 300000, script: 30000}}
Session ID: 826effb0-16cc-47ea-b5f3-92df1c997651]]>
            </message>
            <full-stacktrace>
              <![CDATA[org.openqa.selenium.TimeoutException: Expected condition failed: waiting for element to be clickable: By.xpath: //button[.='Add'] (tried for 10 second(s) with 500 MILLISECONDS interval)
Build info: version: '3.8.1', revision: '6e95a6684b', time: '2017-12-01T19:05:14.666Z'
System info: host: 'MTONET1', ip: '192.168.6.102', os.name: 'Windows 10', os.arch: 'x86', os.version: '10.0', java.version: '1.8.0_151'
Driver info: org.openqa.selenium.firefox.FirefoxDriver
Capabilities {acceptInsecureCerts: true, browserName: firefox, browserVersion: 62.0.2, javascriptEnabled: true, moz:accessibilityChecks: false, moz:headless: false, moz:processID: 22044, moz:profile: C:\Users\rresmi\AppData\Loc..., moz:useNonSpecCompliantPointerOrigin: false, moz:webdriverClick: true, pageLoadStrategy: normal, platform: XP, platformName: XP, platformVersion: 10.0, rotatable: false, timeouts: {implicit: 0, pageLoad: 300000, script: 30000}}
Session ID: 826effb0-16cc-47ea-b5f3-92df1c997651
at org.openqa.selenium.support.ui.WebDriverWait.timeoutException(WebDriverWait.java:82)
at org.openqa.selenium.support.ui.FluentWait.until(FluentWait.java:231)
at Pages.Maintenance.BagTypePage.CreateduplicateBagIdVerify(BagTypePage.java:408)
at Maintenance.BagTypeTests.CreateBagId(BagTypeTests.java:40)
at sun.reflect.NativeMethodAccessorImpl.invoke0(Native Method)
at sun.reflect.NativeMethodAccessorImpl.invoke(Unknown Source)
at sun.reflect.DelegatingMethodAccessorImpl.invoke(Unknown Source)
at java.lang.reflect.Method.invoke(Unknown Source)
at org.testng.internal.MethodInvocationHelper.invokeMethod(MethodInvocationHelper.java:124)
at org.testng.internal.Invoker.invokeMethod(Invoker.java:580)
at org.testng.internal.Invoker.invokeTestMethod(Invoker.java:716)
at org.testng.internal.Invoker.invokeTestMethods(Invoker.java:988)
at org.testng.internal.TestMethodWorker.invokeTestMethods(TestMethodWorker.java:125)
at org.testng.internal.TestMethodWorker.run(TestMethodWorker.java:109)
at org.testng.TestRunner.privateRun(TestRunner.java:648)
at org.testng.TestRunner.run(TestRunner.java:505)
at org.testng.SuiteRunner.runTest(SuiteRunner.java:455)
at org.testng.SuiteRunner.runSequentially(SuiteRunner.java:450)
at org.testng.SuiteRunner.privateRun(SuiteRunner.java:415)
at org.testng.SuiteRunner.run(SuiteRunner.java:364)
at org.testng.SuiteRunnerWorker.runSuite(SuiteRunnerWorker.java:52)
at org.testng.SuiteRunnerWorker.run(SuiteRunnerWorker.java:84)
at org.testng.TestNG.runSuitesSequentially(TestNG.java:1208)
at org.testng.TestNG.runSuitesLocally(TestNG.java:1137)
at org.testng.TestNG.runSuites(TestNG.java:1049)
at org.testng.TestNG.run(TestNG.java:1017)
at org.testng.remote.AbstractRemoteTestNG.run(AbstractRemoteTestNG.java:114)
at org.testng.remote.RemoteTestNG.initAndRun(RemoteTestNG.java:251)
at org.testng.remote.RemoteTestNG.main(RemoteTestNG.java:77)
]]>
            </full-stacktrace>
          </exception> <!-- org.openqa.selenium.TimeoutException -->
          <reporter-output>
          </reporter-output>
        </test-method> <!-- CreateBagId -->
        <test-method status="PASS" signature="deleteAddedBag()[pri:3, instance:Maintenance.BagTypeTests@653222]" name="deleteAddedBag" duration-ms="2020" started-at="2018-10-03T12:03:51Z" finished-at="2018-10-03T12:03:53Z">
          <reporter-output>
          </reporter-output>
        </test-method> <!-- deleteAddedBag -->
        <test-method status="PASS" signature="AddNewBagTypeDesc()[pri:4, instance:Maintenance.BagTypeTests@653222]" name="AddNewBagTypeDesc" duration-ms="2396" started-at="2018-10-03T12:03:53Z" finished-at="2018-10-03T12:03:56Z">
          <reporter-output>
          </reporter-output>
        </test-method> <!-- AddNewBagTypeDesc -->
        <test-method status="PASS" signature="EditBagTypeDescription()[pri:5, instance:Maintenance.BagTypeTests@653222]" name="EditBagTypeDescription" duration-ms="1272" started-at="2018-10-03T12:03:56Z" finished-at="2018-10-03T12:03:57Z">
          <reporter-output>
          </reporter-output>
        </test-method> <!-- EditBagTypeDescription -->
        <test-method status="PASS" signature="DeleteBagTypeDescription()[pri:6, instance:Maintenance.BagTypeTests@653222]" name="DeleteBagTypeDescription" duration-ms="669" started-at="2018-10-03T12:03:57Z" finished-at="2018-10-03T12:03:58Z">
          <reporter-output>
          </reporter-output>
        </test-method> <!-- DeleteBagTypeDescription -->
        <test-method status="PASS" signature="ExitBagType()[pri:7, instance:Maintenance.BagTypeTests@653222]" name="ExitBagType" duration-ms="340" started-at="2018-10-03T12:03:58Z" finished-at="2018-10-03T12:03:58Z">
          <reporter-output>
          </reporter-output>
        </test-method> <!-- ExitBagType -->
        <test-method status="PASS" signature="browserClose()[pri:0, instance:Maintenance.BagTypeTests@653222]" name="browserClose" is-config="true" duration-ms="465" started-at="2018-10-03T12:03:58Z" finished-at="2018-10-03T12:03:59Z">
          <reporter-output>
          </reporter-output>
        </test-method> <!-- browserClose -->
      </class> <!-- Maintenance.BagTypeTests -->
    </test> <!-- Default test -->
  </suite> <!-- Default suite -->
</testng-results>
