<?xml version="1.0" encoding="UTF-8"?>
<testng-results skipped="0" failed="0" ignored="0" total="2" passed="2">
  <reporter-output>
  </reporter-output>
  <suite name="Default suite" duration-ms="67612" started-at="2018-01-22T09:40:42Z" finished-at="2018-01-22T09:41:49Z">
    <groups>
    </groups>
    <test name="Default test" duration-ms="67612" started-at="2018-01-22T09:40:42Z" finished-at="2018-01-22T09:41:49Z">
      <class name="RegionsTests">
        <test-method status="PASS" signature="testInitialize()[pri:0, instance:RegionsTests@153acfe]" name="testInitialize" is-config="true" duration-ms="56706" started-at="2018-01-22T15:10:42Z" finished-at="2018-01-22T15:11:39Z">
          <reporter-output>
          </reporter-output>
        </test-method> <!-- testInitialize -->
        <test-method status="PASS" signature="addNewRegion()[pri:0, instance:RegionsTests@153acfe]" name="addNewRegion" duration-ms="3831" started-at="2018-01-22T15:11:39Z" finished-at="2018-01-22T15:11:42Z">
          <reporter-output>
          </reporter-output>
        </test-method> <!-- addNewRegion -->
        <test-method status="PASS" signature="editRegion()[pri:0, instance:RegionsTests@153acfe]" name="editRegion" duration-ms="7018" started-at="2018-01-22T15:11:42Z" finished-at="2018-01-22T15:11:49Z">
          <reporter-output>
          </reporter-output>
        </test-method> <!-- editRegion -->
      </class> <!-- RegionsTests -->
    </test> <!-- Default test -->
  </suite> <!-- Default suite -->
</testng-results>
